e:\leventure\workshop\脚本\边开发边测试\tsg_network\tsg_network\x64\release\moc\moc_tsg_network.cpp
e:\leventure\workshop\脚本\边开发边测试\tsg_network\tsg_network\x64\release\moc\moc_qttcpclienthandler.cpp
e:\leventure\workshop\脚本\边开发边测试\tsg_network\tsg_network\x64\release\moc\moc_qttcpserverhandler.cpp
e:\leventure\workshop\脚本\边开发边测试\tsg_network\tsg_network\x64\release\moc\moc_qtudphandler.cpp
e:\leventure\workshop\脚本\边开发边测试\tsg_network\tsg_network\x64\release\moc\moc_filetransfer_server.cpp
e:\leventure\workshop\脚本\边开发边测试\tsg_network\tsg_network\x64\release\moc\moc_filetransfer_client.cpp
e:\leventure\workshop\脚本\边开发边测试\tsg_network\tsg_network\x64\release\moc\moc_tsg_network_server.cpp
e:\leventure\workshop\脚本\边开发边测试\tsg_network\tsg_network\x64\release\moc\moc_tsg_network_client.cpp
e:\leventure\workshop\脚本\边开发边测试\tsg_network\tsg_network\x64\release\rcc\qrc_tsg_network.cpp
e:\leventure\workshop\脚本\边开发边测试\tsg_network\tsg_network\x64\release\uic\ui_tsg_network.h
e:\leventure\workshop\脚本\边开发边测试\tsg_network\tsg_network\x64\release\filetransfer_server.obj
e:\leventure\workshop\脚本\边开发边测试\tsg_network\tsg_network\x64\release\qttcpbasehandler.obj
e:\leventure\workshop\脚本\边开发边测试\tsg_network\tsg_network\x64\release\qttcpclienthandler.obj
e:\leventure\workshop\脚本\边开发边测试\tsg_network\tsg_network\x64\release\qtudphandler.obj
e:\leventure\workshop\脚本\边开发边测试\tsg_network\tsg_network\x64\release\tsg_network_server.obj
e:\leventure\workshop\脚本\边开发边测试\tsg_network\tsg_network\x64\release\tsg_network.tlog\cl.command.1.tlog
e:\leventure\workshop\脚本\边开发边测试\tsg_network\tsg_network\x64\release\tsg_network.tlog\moc.read.1u.tlog
e:\leventure\workshop\脚本\边开发边测试\tsg_network\tsg_network\x64\release\tsg_network.tlog\moc.write.1u.tlog
e:\leventure\workshop\脚本\边开发边测试\tsg_network\tsg_network\x64\release\tsg_network.tlog\rcc.read.1u.tlog
e:\leventure\workshop\脚本\边开发边测试\tsg_network\tsg_network\x64\release\tsg_network.tlog\rcc.write.1u.tlog
e:\leventure\workshop\脚本\边开发边测试\tsg_network\tsg_network\x64\release\tsg_network.tlog\tsg_network.write.1u.tlog
e:\leventure\workshop\脚本\边开发边测试\tsg_network\tsg_network\x64\release\tsg_network.tlog\uic.read.1u.tlog
e:\leventure\workshop\脚本\边开发边测试\tsg_network\tsg_network\x64\release\tsg_network.tlog\uic.write.1u.tlog
