e:\leventure\workshop\tsg\trunk\tsg_project\publicitem\southqtnetwork\x64\release\qttcpbasehandler.obj
e:\leventure\workshop\tsg\trunk\tsg_project\publicitem\southqtnetwork\x64\release\qttcpserverhandler.obj
e:\leventure\workshop\tsg\trunk\tsg_project\publicitem\southqtnetwork\x64\release\qttcpclienthandler.obj
e:\leventure\workshop\tsg\trunk\tsg_project\publicitem\southqtnetwork\x64\release\qtudphandler.obj
e:\leventure\workshop\tsg\trunk\tsg_project\publicitem\southqtnetwork\x64\release\moc_qttcpclienthandler.obj
e:\leventure\workshop\tsg\trunk\tsg_project\publicitem\southqtnetwork\x64\release\moc_qttcpserverhandler.obj
e:\leventure\workshop\tsg\trunk\tsg_project\publicitem\southqtnetwork\x64\release\moc_qtudphandler.obj
e:\leventure\workshop\tsg\trunk\tsg_project\x64\release\southqtnetwork.dll
e:\leventure\workshop\tsg\trunk\tsg_project\publicitem\southqtnetwork\x64\release\moc\moc_qtudphandler.cpp
e:\leventure\workshop\tsg\trunk\tsg_project\publicitem\southqtnetwork\x64\release\moc\moc_qttcpserverhandler.cpp
e:\leventure\workshop\tsg\trunk\tsg_project\publicitem\southqtnetwork\x64\release\moc\moc_qttcpclienthandler.cpp
e:\leventure\workshop\tsg\trunk\tsg_project\x64\release\southqtnetwork.lib
e:\leventure\workshop\tsg\trunk\tsg_project\x64\release\southqtnetwork.exp
e:\leventure\workshop\tsg\trunk\tsg_project\publicitem\southqtnetwork\x64\release\southqtnetwork.tlog\cl.14812.write.1.tlog
e:\leventure\workshop\tsg\trunk\tsg_project\publicitem\southqtnetwork\x64\release\southqtnetwork.tlog\cl.command.1.tlog
e:\leventure\workshop\tsg\trunk\tsg_project\publicitem\southqtnetwork\x64\release\southqtnetwork.tlog\cl.read.1.tlog
e:\leventure\workshop\tsg\trunk\tsg_project\publicitem\southqtnetwork\x64\release\southqtnetwork.tlog\link.command.1.tlog
e:\leventure\workshop\tsg\trunk\tsg_project\publicitem\southqtnetwork\x64\release\southqtnetwork.tlog\link.read.1.tlog
e:\leventure\workshop\tsg\trunk\tsg_project\publicitem\southqtnetwork\x64\release\southqtnetwork.tlog\link.write.1.tlog
e:\leventure\workshop\tsg\trunk\tsg_project\publicitem\southqtnetwork\x64\release\southqtnetwork.tlog\moc.read.1u.tlog
e:\leventure\workshop\tsg\trunk\tsg_project\publicitem\southqtnetwork\x64\release\southqtnetwork.tlog\moc.write.1u.tlog
e:\leventure\workshop\tsg\trunk\tsg_project\publicitem\southqtnetwork\x64\release\southqtnetwork.tlog\southqtnetwork.write.1u.tlog
