e:\leventure\workshop\脚本\边开发边测试\tsg_network\tsg_network\x64\debug\tsg_network_server.obj
e:\leventure\workshop\脚本\边开发边测试\tsg_network\tsg_network\x64\debug\qtudphandler.obj
e:\leventure\workshop\脚本\边开发边测试\tsg_network\tsg_network\x64\debug\filetransfer_server.obj
e:\leventure\workshop\脚本\边开发边测试\tsg_network\tsg_network\x64\debug\qttcpbasehandler.obj
e:\leventure\workshop\脚本\边开发边测试\tsg_network\tsg_network\x64\debug\tsg_network_client.obj
e:\leventure\workshop\脚本\边开发边测试\tsg_network\tsg_network\x64\debug\main.obj
e:\leventure\workshop\脚本\边开发边测试\tsg_network\tsg_network\x64\debug\qttcpserverhandler.obj
e:\leventure\workshop\脚本\边开发边测试\tsg_network\tsg_network\x64\debug\qttcpclienthandler.obj
e:\leventure\workshop\脚本\边开发边测试\tsg_network\tsg_network\x64\debug\tsg_network.obj
e:\leventure\workshop\脚本\边开发边测试\tsg_network\tsg_network\x64\debug\filetransfer_client.obj
e:\leventure\workshop\脚本\边开发边测试\tsg_network\tsg_network\x64\debug\moc_qttcpserverhandler.obj
e:\leventure\workshop\脚本\边开发边测试\tsg_network\tsg_network\x64\debug\moc_filetransfer_client.obj
e:\leventure\workshop\脚本\边开发边测试\tsg_network\tsg_network\x64\debug\moc_qttcpclienthandler.obj
e:\leventure\workshop\脚本\边开发边测试\tsg_network\tsg_network\x64\debug\moc_tsg_network_server.obj
e:\leventure\workshop\脚本\边开发边测试\tsg_network\tsg_network\x64\debug\moc_tsg_network.obj
e:\leventure\workshop\脚本\边开发边测试\tsg_network\tsg_network\x64\debug\qrc_tsg_network.obj
e:\leventure\workshop\脚本\边开发边测试\tsg_network\tsg_network\x64\debug\moc_qtudphandler.obj
e:\leventure\workshop\脚本\边开发边测试\tsg_network\tsg_network\x64\debug\moc_filetransfer_server.obj
e:\leventure\workshop\脚本\边开发边测试\tsg_network\tsg_network\x64\debug\vc143.pdb
e:\leventure\workshop\脚本\边开发边测试\tsg_network\tsg_network\x64\debug\moc_tsg_network_client.obj
e:\leventure\workshop\脚本\边开发边测试\tsg_network\x64\debug\tsg_network.exe
e:\leventure\workshop\脚本\边开发边测试\tsg_network\x64\debug\tsg_network.ilk
e:\leventure\workshop\脚本\边开发边测试\tsg_network\x64\debug\tsg_network.pdb
e:\leventure\workshop\脚本\边开发边测试\tsg_network\tsg_network\x64\debug\moc\moc_tsg_network_server.cpp
e:\leventure\workshop\脚本\边开发边测试\tsg_network\tsg_network\x64\debug\rcc\qrc_tsg_network.cpp
e:\leventure\workshop\脚本\边开发边测试\tsg_network\tsg_network\x64\debug\uic\ui_tsg_network.h
e:\leventure\workshop\脚本\边开发边测试\tsg_network\tsg_network\x64\debug\moc\moc_tsg_network.cpp
e:\leventure\workshop\脚本\边开发边测试\tsg_network\tsg_network\x64\debug\moc\moc_qttcpclienthandler.cpp
e:\leventure\workshop\脚本\边开发边测试\tsg_network\tsg_network\x64\debug\moc\moc_qttcpserverhandler.cpp
e:\leventure\workshop\脚本\边开发边测试\tsg_network\tsg_network\x64\debug\moc\moc_qtudphandler.cpp
e:\leventure\workshop\脚本\边开发边测试\tsg_network\tsg_network\x64\debug\moc\moc_filetransfer_server.cpp
e:\leventure\workshop\脚本\边开发边测试\tsg_network\tsg_network\x64\debug\moc\moc_filetransfer_client.cpp
e:\leventure\workshop\脚本\边开发边测试\tsg_network\tsg_network\x64\debug\moc\moc_tsg_network_client.cpp
e:\leventure\workshop\脚本\边开发边测试\tsg_network\tsg_network\x64\debug\tsg_server.obj
e:\leventure\workshop\脚本\边开发边测试\tsg_network\tsg_network\x64\debug\tsg_network.tlog\cl.command.1.tlog
e:\leventure\workshop\脚本\边开发边测试\tsg_network\tsg_network\x64\debug\tsg_network.tlog\cl.items.tlog
e:\leventure\workshop\脚本\边开发边测试\tsg_network\tsg_network\x64\debug\tsg_network.tlog\cl.read.1.tlog
e:\leventure\workshop\脚本\边开发边测试\tsg_network\tsg_network\x64\debug\tsg_network.tlog\cl.write.1.tlog
e:\leventure\workshop\脚本\边开发边测试\tsg_network\tsg_network\x64\debug\tsg_network.tlog\link.command.1.tlog
e:\leventure\workshop\脚本\边开发边测试\tsg_network\tsg_network\x64\debug\tsg_network.tlog\link.read.1.tlog
e:\leventure\workshop\脚本\边开发边测试\tsg_network\tsg_network\x64\debug\tsg_network.tlog\link.write.1.tlog
e:\leventure\workshop\脚本\边开发边测试\tsg_network\tsg_network\x64\debug\tsg_network.tlog\moc.read.1u.tlog
e:\leventure\workshop\脚本\边开发边测试\tsg_network\tsg_network\x64\debug\tsg_network.tlog\moc.write.1u.tlog
e:\leventure\workshop\脚本\边开发边测试\tsg_network\tsg_network\x64\debug\tsg_network.tlog\rcc.read.1u.tlog
e:\leventure\workshop\脚本\边开发边测试\tsg_network\tsg_network\x64\debug\tsg_network.tlog\rcc.write.1u.tlog
e:\leventure\workshop\脚本\边开发边测试\tsg_network\tsg_network\x64\debug\tsg_network.tlog\tsg_network.write.1u.tlog
e:\leventure\workshop\脚本\边开发边测试\tsg_network\tsg_network\x64\debug\tsg_network.tlog\uic.read.1u.tlog
e:\leventure\workshop\脚本\边开发边测试\tsg_network\tsg_network\x64\debug\tsg_network.tlog\uic.write.1u.tlog
